{
  "stats": {
    "suites": 14,
    "tests": 28,
    "passes": 11,
    "pending": 0,
    "failures": 17,
    "start": "2022-01-03T22:31:24.339Z",
    "end": "2022-01-03T22:32:55.896Z",
    "duration": 91557,
    "testsRegistered": 28,
    "passPercent": 39.285714285714285,
    "pendingPercent": 0,
    "other": 0,
    "hasOther": false,
    "skipped": 0,
    "hasSkipped": false
  },
  "results": [
    {
      "uuid": "a38fdff3-30a5-46d5-aea8-67ebae9289a8",
      "title": "",
      "fullFile": "cypress/integration/project.spec.js",
      "file": "cypress/integration/project.spec.js",
      "beforeHooks": [],
      "afterHooks": [],
      "tests": [],
      "suites": [
        {
          "uuid": "060103c1-a979-4eb3-ab3a-0aba9b2656cb",
          "title": "1 - Adicone à sua lista o título \"Minha Lista de Tarefas\" em uma tag <header>",
          "fullFile": "",
          "file": "",
          "beforeHooks": [],
          "afterHooks": [],
          "tests": [
            {
              "title": "Será verificado se sua página possui uma tag `header` com o conteúdo `Minha Lista de Tarefas`",
              "fullTitle": "1 - Adicone à sua lista o título \"Minha Lista de Tarefas\" em uma tag <header> Será verificado se sua página possui uma tag `header` com o conteúdo `Minha Lista de Tarefas`",
              "timedOut": null,
              "duration": 283,
              "state": "passed",
              "speed": "slow",
              "pass": true,
              "fail": false,
              "pending": false,
              "context": null,
              "code": "cy.get('header').contains(TODO_PAGE_TITLE);",
              "err": {},
              "uuid": "8664f80c-b0c0-47b3-aba5-9e775d28791f",
              "parentUUID": "060103c1-a979-4eb3-ab3a-0aba9b2656cb",
              "isHook": false,
              "skipped": false
            }
          ],
          "suites": [],
          "passes": [
            "8664f80c-b0c0-47b3-aba5-9e775d28791f"
          ],
          "failures": [],
          "pending": [],
          "skipped": [],
          "duration": 283,
          "root": false,
          "rootEmpty": false,
          "_timeout": 2000
        },
        {
          "uuid": "3b50ad64-8633-4968-ba09-7b413c4377b2",
          "title": "2 - Adicione abaixo do título um pequeno e discreto parágrafo com id=\"funcionamento\" e com o texto \"Clique duas vezes em um item para marcá-lo como completo\"",
          "fullFile": "",
          "file": "",
          "beforeHooks": [],
          "afterHooks": [],
          "tests": [
            {
              "title": "Será verificado que existe na sua página um elemento com o id `funcionamento` com o conteúdo `Clique duas vezes em um item para marcá-lo como completo`",
              "fullTitle": "2 - Adicione abaixo do título um pequeno e discreto parágrafo com id=\"funcionamento\" e com o texto \"Clique duas vezes em um item para marcá-lo como completo\" Será verificado que existe na sua página um elemento com o id `funcionamento` com o conteúdo `Clique duas vezes em um item para marcá-lo como completo`",
              "timedOut": null,
              "duration": 193,
              "state": "passed",
              "speed": "slow",
              "pass": true,
              "fail": false,
              "pending": false,
              "context": null,
              "code": "cy.get(TODO_PAGE_DESCRIPTION_SELECTOR).contains(TODO_PAGE_DESCRIPTION);",
              "err": {},
              "uuid": "accf11df-f8a6-4968-85f0-364efe4293f1",
              "parentUUID": "3b50ad64-8633-4968-ba09-7b413c4377b2",
              "isHook": false,
              "skipped": false
            }
          ],
          "suites": [],
          "passes": [
            "accf11df-f8a6-4968-85f0-364efe4293f1"
          ],
          "failures": [],
          "pending": [],
          "skipped": [],
          "duration": 193,
          "root": false,
          "rootEmpty": false,
          "_timeout": 2000
        },
        {
          "uuid": "60aea0c8-c76f-437e-8517-064362b66fac",
          "title": "3 - Adicione um input com o id=\"texto-tarefa\" onde o usuário poderá digitar o nome do item que deseja adicionar à lista",
          "fullFile": "",
          "file": "",
          "beforeHooks": [],
          "afterHooks": [],
          "tests": [
            {
              "title": "Será verificada a existência de um elemento do tipo `input` com o id `texto-tarefa`",
              "fullTitle": "3 - Adicione um input com o id=\"texto-tarefa\" onde o usuário poderá digitar o nome do item que deseja adicionar à lista Será verificada a existência de um elemento do tipo `input` com o id `texto-tarefa`",
              "timedOut": null,
              "duration": 156,
              "state": "passed",
              "speed": "slow",
              "pass": true,
              "fail": false,
              "pending": false,
              "context": null,
              "code": "cy.get(TODO_ADD_INPUT_SELECTOR).should('exist');",
              "err": {},
              "uuid": "8bb29c9a-df4e-4a5e-95a8-f9b4c591b208",
              "parentUUID": "60aea0c8-c76f-437e-8517-064362b66fac",
              "isHook": false,
              "skipped": false
            }
          ],
          "suites": [],
          "passes": [
            "8bb29c9a-df4e-4a5e-95a8-f9b4c591b208"
          ],
          "failures": [],
          "pending": [],
          "skipped": [],
          "duration": 156,
          "root": false,
          "rootEmpty": false,
          "_timeout": 2000
        },
        {
          "uuid": "bc2a5f7b-f391-49eb-aebd-103bd0955312",
          "title": "4 - Adicione uma lista ordenada de tarefas com o id=\"lista-tarefas\"",
          "fullFile": "",
          "file": "",
          "beforeHooks": [],
          "afterHooks": [],
          "tests": [
            {
              "title": "Será verificada a existência de um elemento `ol` com o id `lista-tarefas`",
              "fullTitle": "4 - Adicione uma lista ordenada de tarefas com o id=\"lista-tarefas\" Será verificada a existência de um elemento `ol` com o id `lista-tarefas`",
              "timedOut": null,
              "duration": 150,
              "state": "passed",
              "speed": "slow",
              "pass": true,
              "fail": false,
              "pending": false,
              "context": null,
              "code": "cy.get(TODO_LIST_SELECTOR).should('exist');",
              "err": {},
              "uuid": "78807ec9-ceb5-403b-bf1a-6d14316a6606",
              "parentUUID": "bc2a5f7b-f391-49eb-aebd-103bd0955312",
              "isHook": false,
              "skipped": false
            }
          ],
          "suites": [],
          "passes": [
            "78807ec9-ceb5-403b-bf1a-6d14316a6606"
          ],
          "failures": [],
          "pending": [],
          "skipped": [],
          "duration": 150,
          "root": false,
          "rootEmpty": false,
          "_timeout": 2000
        },
        {
          "uuid": "164b4dbd-1988-47dd-bd1e-3f962db02451",
          "title": "5 - Adicione um botão com id=\"criar-tarefa\" e, ao clicar nesse botão, um novo item deverá ser criado ao final da lista e o texto do input deve ser limpo",
          "fullFile": "",
          "file": "",
          "beforeHooks": [],
          "afterHooks": [],
          "tests": [
            {
              "title": "Será verificada a existência de um elemento do tipo `button` com o id `criar-tarefa",
              "fullTitle": "5 - Adicione um botão com id=\"criar-tarefa\" e, ao clicar nesse botão, um novo item deverá ser criado ao final da lista e o texto do input deve ser limpo Será verificada a existência de um elemento do tipo `button` com o id `criar-tarefa",
              "timedOut": null,
              "duration": 184,
              "state": "passed",
              "speed": "slow",
              "pass": true,
              "fail": false,
              "pending": false,
              "context": null,
              "code": "cy.get(TODO_ADD_BUTTON_SELECTOR).should('exist');",
              "err": {},
              "uuid": "958136a0-4007-44c5-929a-0d7b4d3184e6",
              "parentUUID": "164b4dbd-1988-47dd-bd1e-3f962db02451",
              "isHook": false,
              "skipped": false
            },
            {
              "title": "No campo de input será digitado o texto de uma tarefa qualquer e, em seguida, clicar-se-á no botão de criar tarefa. Será verificado que, após o clique, o texto digitado aparece na lista e desaparece do input",
              "fullTitle": "5 - Adicione um botão com id=\"criar-tarefa\" e, ao clicar nesse botão, um novo item deverá ser criado ao final da lista e o texto do input deve ser limpo No campo de input será digitado o texto de uma tarefa qualquer e, em seguida, clicar-se-á no botão de criar tarefa. Será verificado que, após o clique, o texto digitado aparece na lista e desaparece do input",
              "timedOut": null,
              "duration": 617,
              "state": "passed",
              "speed": "slow",
              "pass": true,
              "fail": false,
              "pending": false,
              "context": null,
              "code": "var todo1 = {\n  content: 'minha primeira tarefa'\n};\naddTodo(todo1);\ncheckTodoList([todo1]);\ncy.get(TODO_ADD_INPUT_SELECTOR).should('have.value', '');",
              "err": {},
              "uuid": "354a4096-ebf3-402e-801a-0ca62ee1d51a",
              "parentUUID": "164b4dbd-1988-47dd-bd1e-3f962db02451",
              "isHook": false,
              "skipped": false
            },
            {
              "title": "A adição de elementos na lista será feita algumas vezes, e será checado se todos os itens criados permanecem na lista na medida em que novos são adicionados",
              "fullTitle": "5 - Adicione um botão com id=\"criar-tarefa\" e, ao clicar nesse botão, um novo item deverá ser criado ao final da lista e o texto do input deve ser limpo A adição de elementos na lista será feita algumas vezes, e será checado se todos os itens criados permanecem na lista na medida em que novos são adicionados",
              "timedOut": null,
              "duration": 1078,
              "state": "passed",
              "speed": "slow",
              "pass": true,
              "fail": false,
              "pending": false,
              "context": null,
              "code": "var todo1 = {\n  content: 'minha primeira tarefa'\n};\nvar todo2 = {\n  content: 'minha segunda tarefa'\n};\naddTodo(todo1);\ncheckTodoList([todo1]);\naddTodo(todo2);\ncheckTodoList([todo1, todo2]);\ncy.get(TODO_ADD_INPUT_SELECTOR).should('have.value', '');",
              "err": {},
              "uuid": "93aff2f3-dfdd-4388-8aae-bc161ce9d04c",
              "parentUUID": "164b4dbd-1988-47dd-bd1e-3f962db02451",
              "isHook": false,
              "skipped": false
            }
          ],
          "suites": [],
          "passes": [
            "958136a0-4007-44c5-929a-0d7b4d3184e6",
            "354a4096-ebf3-402e-801a-0ca62ee1d51a",
            "93aff2f3-dfdd-4388-8aae-bc161ce9d04c"
          ],
          "failures": [],
          "pending": [],
          "skipped": [],
          "duration": 1879,
          "root": false,
          "rootEmpty": false,
          "_timeout": 2000
        },
        {
          "uuid": "f699feff-0a63-4ba8-9a6c-298a112eaea3",
          "title": "6 - Ordene os itens da lista de tarefas por ordem de criação",
          "fullFile": "",
          "file": "",
          "beforeHooks": [],
          "afterHooks": [],
          "tests": [
            {
              "title": "Três itens serão criados na lista e será checado se eles estão ordenados por ordem de criação - ou seja, primeiro o primeiro item criado, depois o segundo, e assim por diante",
              "fullTitle": "6 - Ordene os itens da lista de tarefas por ordem de criação Três itens serão criados na lista e será checado se eles estão ordenados por ordem de criação - ou seja, primeiro o primeiro item criado, depois o segundo, e assim por diante",
              "timedOut": null,
              "duration": 1469,
              "state": "passed",
              "speed": "slow",
              "pass": true,
              "fail": false,
              "pending": false,
              "context": null,
              "code": "var todo1 = {\n  content: 'minha tarefa'\n};\nvar todo2 = {\n  content: 'minha outra tarefa'\n};\nvar todo3 = {\n  content: 'minha terceira tarefa'\n};\naddTodo(todo1);\ncheckTodoList([todo1]);\naddTodo(todo2);\ncheckTodoList([todo1, todo2]);\naddTodo(todo3);\ncheckTodoList([todo1, todo2, todo3]);",
              "err": {},
              "uuid": "83856e66-5e39-45e6-912c-6aad81258991",
              "parentUUID": "f699feff-0a63-4ba8-9a6c-298a112eaea3",
              "isHook": false,
              "skipped": false
            }
          ],
          "suites": [],
          "passes": [
            "83856e66-5e39-45e6-912c-6aad81258991"
          ],
          "failures": [],
          "pending": [],
          "skipped": [],
          "duration": 1469,
          "root": false,
          "rootEmpty": false,
          "_timeout": 2000
        },
        {
          "uuid": "bd4ad6f1-326d-4426-ae01-b1ae15153ebd",
          "title": "7 - Clicar em um item da lista deve alterar a cor de fundo do item para cinza rgb(128,128,128)",
          "fullFile": "",
          "file": "",
          "beforeHooks": [],
          "afterHooks": [],
          "tests": [
            {
              "title": "Será verificado que, ao se carregar a página, os itens da lista **não tem** o estilo CSS `background-color: rgb(128, 128, 128)`",
              "fullTitle": "7 - Clicar em um item da lista deve alterar a cor de fundo do item para cinza rgb(128,128,128) Será verificado que, ao se carregar a página, os itens da lista **não tem** o estilo CSS `background-color: rgb(128, 128, 128)`",
              "timedOut": null,
              "duration": 1201,
              "state": "passed",
              "speed": "slow",
              "pass": true,
              "fail": false,
              "pending": false,
              "context": null,
              "code": "var todos = [{\n  content: 'uma tarefa qualquer'\n}, {\n  content: 'uma outra tarefa atoa'\n}];\naddTodos(todos);\ncheckTodoList(todos);\ncy.get(TODO_LIST_LINE_SELECTOR).first().should('not.have.css', 'background-color', 'rgb(128, 128, 128)');",
              "err": {},
              "uuid": "7565fa66-eb3e-4b9a-a401-75864c06dec7",
              "parentUUID": "bd4ad6f1-326d-4426-ae01-b1ae15153ebd",
              "isHook": false,
              "skipped": false
            },
            {
              "title": "Será verificado que, ao se clicar em um item da lista, ele passa a ter o estilo CSS `background-color: rgb(128, 128, 128)`",
              "fullTitle": "7 - Clicar em um item da lista deve alterar a cor de fundo do item para cinza rgb(128,128,128) Será verificado que, ao se clicar em um item da lista, ele passa a ter o estilo CSS `background-color: rgb(128, 128, 128)`",
              "timedOut": null,
              "duration": 1629,
              "state": "failed",
              "speed": null,
              "pass": false,
              "fail": true,
              "pending": false,
              "context": null,
              "code": "var todos = [{\n  content: 'uma tarefa qualquer'\n}, {\n  content: 'uma outra tarefa atoa'\n}];\naddTodos(todos);\ncheckTodoList(todos);\ncy.get(TODO_LIST_LINE_SELECTOR).first().click().then(function ($li) {\n  expect($li).to.have.css('background-color', 'rgb(128, 128, 128)');\n});",
              "err": {
                "message": "AssertionError: expected '<li.item>' to have CSS property 'background-color' with the value 'rgb(128, 128, 128)', but the value was 'rgb(154, 205, 50)'",
                "estack": "AssertionError: expected '<li.item>' to have CSS property 'background-color' with the value 'rgb(128, 128, 128)', but the value was 'rgb(154, 205, 50)'\n    at getRet (http://localhost:42239/__cypress/runner/cypress_runner.js:136585:16)\n    at tryCatcher (http://localhost:42239/__cypress/runner/cypress_runner.js:167415:23)\n    at Function.Promise.attempt.Promise.try (http://localhost:42239/__cypress/runner/cypress_runner.js:164690:29)\n    at Context.thenFn (http://localhost:42239/__cypress/runner/cypress_runner.js:136599:23)\n    at Context.then (http://localhost:42239/__cypress/runner/cypress_runner.js:136971:21)\n    at Context.<anonymous> (http://localhost:42239/__cypress/runner/cypress_runner.js:148875:21)\n    at http://localhost:42239/__cypress/runner/cypress_runner.js:148351:33\n    at tryCatcher (http://localhost:42239/__cypress/runner/cypress_runner.js:167415:23)\n    at Promise._settlePromiseFromHandler (http://localhost:42239/__cypress/runner/cypress_runner.js:165351:31)\n    at Promise._settlePromise (http://localhost:42239/__cypress/runner/cypress_runner.js:165408:18)\n    at Promise._settlePromiseCtx (http://localhost:42239/__cypress/runner/cypress_runner.js:165445:10)\n    at Async../node_modules/bluebird/js/release/async.js.Async._drainQueue (http://localhost:42239/__cypress/runner/cypress_runner.js:162145:12)\n    at Async../node_modules/bluebird/js/release/async.js.Async._drainQueues (http://localhost:42239/__cypress/runner/cypress_runner.js:162150:10)\n    at Async.drainQueues (http://localhost:42239/__cypress/runner/cypress_runner.js:162024:14)",
                "diff": "- 'rgb(154, 205, 50)'\n+ 'rgb(128, 128, 128)'\n"
              },
              "uuid": "7880cae6-6a30-4ccc-8599-06213e3e50cc",
              "parentUUID": "bd4ad6f1-326d-4426-ae01-b1ae15153ebd",
              "isHook": false,
              "skipped": false
            }
          ],
          "suites": [],
          "passes": [
            "7565fa66-eb3e-4b9a-a401-75864c06dec7"
          ],
          "failures": [
            "7880cae6-6a30-4ccc-8599-06213e3e50cc"
          ],
          "pending": [],
          "skipped": [],
          "duration": 2830,
          "root": false,
          "rootEmpty": false,
          "_timeout": 2000
        },
        {
          "uuid": "86e828e0-b5f1-45b7-97bb-dd10b31278ed",
          "title": "8 - Não deve ser possível selecionar mais de um elemento da lista ao mesmo tempo",
          "fullFile": "",
          "file": "",
          "beforeHooks": [],
          "afterHooks": [],
          "tests": [
            {
              "title": "Será verificado que, quando um elemento da lista é selecionado, o elemento selecionado previamente deixa de sê-lo. Isso é verificado através da presença ou não do estilo `background-color: rgb(128, 128, 128)` no elemento",
              "fullTitle": "8 - Não deve ser possível selecionar mais de um elemento da lista ao mesmo tempo Será verificado que, quando um elemento da lista é selecionado, o elemento selecionado previamente deixa de sê-lo. Isso é verificado através da presença ou não do estilo `background-color: rgb(128, 128, 128)` no elemento",
              "timedOut": null,
              "duration": 1575,
              "state": "failed",
              "speed": null,
              "pass": false,
              "fail": true,
              "pending": false,
              "context": null,
              "code": "var todos = [{\n  content: 'uma tarefa qualquer'\n}, {\n  content: 'uma outra tarefa atoa'\n}];\naddTodos(todos);\ncheckTodoList(todos);\ncy.get(TODO_LIST_LINE_SELECTOR).first().should('not.have.css', 'background-color', 'rgb(128, 128, 128)');\ncy.get(TODO_LIST_LINE_SELECTOR).first().click().then(function ($li) {\n  expect($li).to.have.css('background-color', 'rgb(128, 128, 128)');\n});\ncy.get(TODO_LIST_LINE_SELECTOR).last().click().then(function ($li) {\n  expect($li).to.have.css('background-color', 'rgb(128, 128, 128)');\n});\ncy.get(TODO_LIST_LINE_SELECTOR).first().should('not.have.css', 'background-color', 'rgb(128, 128, 128)');",
              "err": {
                "message": "AssertionError: expected '<li.item>' to have CSS property 'background-color' with the value 'rgb(128, 128, 128)', but the value was 'rgb(154, 205, 50)'",
                "estack": "AssertionError: expected '<li.item>' to have CSS property 'background-color' with the value 'rgb(128, 128, 128)', but the value was 'rgb(154, 205, 50)'\n    at getRet (http://localhost:42239/__cypress/runner/cypress_runner.js:136585:16)\n    at tryCatcher (http://localhost:42239/__cypress/runner/cypress_runner.js:167415:23)\n    at Function.Promise.attempt.Promise.try (http://localhost:42239/__cypress/runner/cypress_runner.js:164690:29)\n    at Context.thenFn (http://localhost:42239/__cypress/runner/cypress_runner.js:136599:23)\n    at Context.then (http://localhost:42239/__cypress/runner/cypress_runner.js:136971:21)\n    at Context.<anonymous> (http://localhost:42239/__cypress/runner/cypress_runner.js:148875:21)\n    at http://localhost:42239/__cypress/runner/cypress_runner.js:148351:33\n    at tryCatcher (http://localhost:42239/__cypress/runner/cypress_runner.js:167415:23)\n    at Promise._settlePromiseFromHandler (http://localhost:42239/__cypress/runner/cypress_runner.js:165351:31)\n    at Promise._settlePromise (http://localhost:42239/__cypress/runner/cypress_runner.js:165408:18)\n    at Promise._settlePromiseCtx (http://localhost:42239/__cypress/runner/cypress_runner.js:165445:10)\n    at Async../node_modules/bluebird/js/release/async.js.Async._drainQueue (http://localhost:42239/__cypress/runner/cypress_runner.js:162145:12)\n    at Async../node_modules/bluebird/js/release/async.js.Async._drainQueues (http://localhost:42239/__cypress/runner/cypress_runner.js:162150:10)\n    at Async.drainQueues (http://localhost:42239/__cypress/runner/cypress_runner.js:162024:14)",
                "diff": "- 'rgb(154, 205, 50)'\n+ 'rgb(128, 128, 128)'\n"
              },
              "uuid": "b30e52bb-c3a6-40c2-9575-242ef324c11b",
              "parentUUID": "86e828e0-b5f1-45b7-97bb-dd10b31278ed",
              "isHook": false,
              "skipped": false
            }
          ],
          "suites": [],
          "passes": [],
          "failures": [
            "b30e52bb-c3a6-40c2-9575-242ef324c11b"
          ],
          "pending": [],
          "skipped": [],
          "duration": 1575,
          "root": false,
          "rootEmpty": false,
          "_timeout": 2000
        },
        {
          "uuid": "6a42c0ba-bfea-411d-8e06-2f59f32085bd",
          "title": "9 - Clicar duas vezes em um item, faz com que ele seja riscado, indicando que foi completo. Deve ser possível desfazer essa ação clicando novamente duas vezes no item",
          "fullFile": "",
          "file": "",
          "beforeHooks": [],
          "afterHooks": [],
          "tests": [
            {
              "title": "Será verificado que, antes da ação ser disparada, o elemento adicionado à lista não tem nem a classe `completed` nem o estilo `line-through solid rgb(0, 0, 0)`",
              "fullTitle": "9 - Clicar duas vezes em um item, faz com que ele seja riscado, indicando que foi completo. Deve ser possível desfazer essa ação clicando novamente duas vezes no item Será verificado que, antes da ação ser disparada, o elemento adicionado à lista não tem nem a classe `completed` nem o estilo `line-through solid rgb(0, 0, 0)`",
              "timedOut": null,
              "duration": 1238,
              "state": "passed",
              "speed": "slow",
              "pass": true,
              "fail": false,
              "pending": false,
              "context": null,
              "code": "var todos = [{\n  content: 'já terminei essa tarefa'\n}, {\n  content: 'está eu ainda não terminei'\n}];\naddTodos(todos);\ncy.get(TODO_LIST_LINE_SELECTOR).first().should('not.have.class', 'completed');\ncy.get(TODO_LIST_LINE_SELECTOR).should('not.have.css', 'text-decoration', 'line-through solid rgb(0, 0, 0)');",
              "err": {},
              "uuid": "6b217079-c3eb-47a4-9660-0eb996b48b73",
              "parentUUID": "6a42c0ba-bfea-411d-8e06-2f59f32085bd",
              "isHook": false,
              "skipped": false
            },
            {
              "title": "Será verificado que a ação pedida é disparada mediante duplo clique no elemento da lista e que os elementos da lista completos tem em si a classe `completed` e a propriedade `text-decoration` com o valor `line-through solid rgb(0, 0, 0)`",
              "fullTitle": "9 - Clicar duas vezes em um item, faz com que ele seja riscado, indicando que foi completo. Deve ser possível desfazer essa ação clicando novamente duas vezes no item Será verificado que a ação pedida é disparada mediante duplo clique no elemento da lista e que os elementos da lista completos tem em si a classe `completed` e a propriedade `text-decoration` com o valor `line-through solid rgb(0, 0, 0)`",
              "timedOut": null,
              "duration": 5613,
              "state": "failed",
              "speed": null,
              "pass": false,
              "fail": true,
              "pending": false,
              "context": null,
              "code": "var todos = [{\n  content: 'já terminei essa tarefa'\n}, {\n  content: 'está eu ainda não terminei'\n}];\naddTodos(todos);\ncy.get(TODO_LIST_LINE_SELECTOR).first().dblclick();\ncy.get(TODO_LIST_LINE_SELECTOR).first().should('have.class', 'completed');\ncy.get('.completed').should('have.css', 'text-decoration', 'line-through solid rgb(0, 0, 0)');",
              "err": {
                "message": "CypressError: Timed out retrying: expected '<li.item>' to have class 'completed'",
                "estack": "CypressError: Timed out retrying: expected '<li.item>' to have class 'completed'\n    at cypressErr (http://localhost:42239/__cypress/runner/cypress_runner.js:149934:9)\n    at throwErr (http://localhost:42239/__cypress/runner/cypress_runner.js:149867:11)\n    at Object.throwErrByPath (http://localhost:42239/__cypress/runner/cypress_runner.js:149915:3)\n    at retry (http://localhost:42239/__cypress/runner/cypress_runner.js:144197:19)\n    at onFailFn (http://localhost:42239/__cypress/runner/cypress_runner.js:132448:16)\n    at tryCatcher (http://localhost:42239/__cypress/runner/cypress_runner.js:167415:23)\n    at Promise._settlePromiseFromHandler (http://localhost:42239/__cypress/runner/cypress_runner.js:165351:31)\n    at Promise._settlePromise (http://localhost:42239/__cypress/runner/cypress_runner.js:165408:18)\n    at Promise._settlePromise0 (http://localhost:42239/__cypress/runner/cypress_runner.js:165453:10)\n    at Promise._settlePromises (http://localhost:42239/__cypress/runner/cypress_runner.js:165528:18)\n    at Async../node_modules/bluebird/js/release/async.js.Async._drainQueue (http://localhost:42239/__cypress/runner/cypress_runner.js:162140:16)\n    at Async../node_modules/bluebird/js/release/async.js.Async._drainQueues (http://localhost:42239/__cypress/runner/cypress_runner.js:162150:10)\n    at Async.drainQueues (http://localhost:42239/__cypress/runner/cypress_runner.js:162024:14)",
                "diff": null
              },
              "uuid": "412c32fb-0834-4a5e-bc6e-5518d8281f32",
              "parentUUID": "6a42c0ba-bfea-411d-8e06-2f59f32085bd",
              "isHook": false,
              "skipped": false
            },
            {
              "title": "Será verificado que, com um segundo duplo clique, um elemento completo deixa de sê-lo",
              "fullTitle": "9 - Clicar duas vezes em um item, faz com que ele seja riscado, indicando que foi completo. Deve ser possível desfazer essa ação clicando novamente duas vezes no item Será verificado que, com um segundo duplo clique, um elemento completo deixa de sê-lo",
              "timedOut": null,
              "duration": 1398,
              "state": "passed",
              "speed": "slow",
              "pass": true,
              "fail": false,
              "pending": false,
              "context": null,
              "code": "var todos = [{\n  content: 'já terminei essa tarefa'\n}, {\n  content: 'está eu ainda não terminei'\n}];\naddTodos(todos);\ncy.get(TODO_LIST_LINE_SELECTOR).first().dblclick().dblclick();\ncy.get(TODO_LIST_LINE_SELECTOR).first().should('not.have.class', 'completed');\ncy.get(TODO_LIST_LINE_SELECTOR).first().should('not.have.css', 'text-decoration', 'line-through solid rgb(0, 0, 0)');",
              "err": {},
              "uuid": "3cc4aa3e-1add-48e0-ae8e-f223e0953b67",
              "parentUUID": "6a42c0ba-bfea-411d-8e06-2f59f32085bd",
              "isHook": false,
              "skipped": false
            }
          ],
          "suites": [],
          "passes": [
            "6b217079-c3eb-47a4-9660-0eb996b48b73",
            "3cc4aa3e-1add-48e0-ae8e-f223e0953b67"
          ],
          "failures": [
            "412c32fb-0834-4a5e-bc6e-5518d8281f32"
          ],
          "pending": [],
          "skipped": [],
          "duration": 8249,
          "root": false,
          "rootEmpty": false,
          "_timeout": 2000
        },
        {
          "uuid": "8e395215-39c5-4c26-9791-38143cacb09e",
          "title": "10 - Adicione um botão com id=\"apaga-tudo\" que quando clicado deve apagar todos os itens da lista",
          "fullFile": "",
          "file": "",
          "beforeHooks": [],
          "afterHooks": [],
          "tests": [
            {
              "title": "Será verificado que existe um elemento `button` com o id `apaga-tudo`",
              "fullTitle": "10 - Adicione um botão com id=\"apaga-tudo\" que quando clicado deve apagar todos os itens da lista Será verificado que existe um elemento `button` com o id `apaga-tudo`",
              "timedOut": null,
              "duration": 4376,
              "state": "failed",
              "speed": null,
              "pass": false,
              "fail": true,
              "pending": false,
              "context": null,
              "code": "cy.get(TODO_REMOVE_ALL_BUTTON_SELECTOR).should('exist');",
              "err": {
                "message": "CypressError: Timed out retrying: Expected to find element: 'button#apaga-tudo', but never found it.",
                "estack": "CypressError: Timed out retrying: Expected to find element: 'button#apaga-tudo', but never found it.\n    at cypressErr (http://localhost:42239/__cypress/runner/cypress_runner.js:149934:9)\n    at throwErr (http://localhost:42239/__cypress/runner/cypress_runner.js:149867:11)\n    at Object.throwErrByPath (http://localhost:42239/__cypress/runner/cypress_runner.js:149915:3)\n    at retry (http://localhost:42239/__cypress/runner/cypress_runner.js:144197:19)\n    at onFailFn (http://localhost:42239/__cypress/runner/cypress_runner.js:132448:16)\n    at tryCatcher (http://localhost:42239/__cypress/runner/cypress_runner.js:167415:23)\n    at Promise._settlePromiseFromHandler (http://localhost:42239/__cypress/runner/cypress_runner.js:165351:31)\n    at Promise._settlePromise (http://localhost:42239/__cypress/runner/cypress_runner.js:165408:18)\n    at Promise._settlePromise0 (http://localhost:42239/__cypress/runner/cypress_runner.js:165453:10)\n    at Promise._settlePromises (http://localhost:42239/__cypress/runner/cypress_runner.js:165528:18)\n    at Async../node_modules/bluebird/js/release/async.js.Async._drainQueue (http://localhost:42239/__cypress/runner/cypress_runner.js:162140:16)\n    at Async../node_modules/bluebird/js/release/async.js.Async._drainQueues (http://localhost:42239/__cypress/runner/cypress_runner.js:162150:10)\n    at Async.drainQueues (http://localhost:42239/__cypress/runner/cypress_runner.js:162024:14)",
                "diff": null
              },
              "uuid": "cb7f5ff9-e30a-4e42-aadc-48680ef56ef9",
              "parentUUID": "8e395215-39c5-4c26-9791-38143cacb09e",
              "isHook": false,
              "skipped": false
            },
            {
              "title": "Será verificado que, dado que uma lista possui tarefas, um clique no botão a deixa vazia",
              "fullTitle": "10 - Adicione um botão com id=\"apaga-tudo\" que quando clicado deve apagar todos os itens da lista Será verificado que, dado que uma lista possui tarefas, um clique no botão a deixa vazia",
              "timedOut": null,
              "duration": 4933,
              "state": "failed",
              "speed": null,
              "pass": false,
              "fail": true,
              "pending": false,
              "context": null,
              "code": "var todos = [{\n  content: 'blablabla'\n}, {\n  content: 'hahahahaha'\n}];\naddTodos(todos);\ncy.get(TODO_REMOVE_ALL_BUTTON_SELECTOR).click();\ncheckTodoList();",
              "err": {
                "message": "CypressError: Timed out retrying: Expected to find element: 'button#apaga-tudo', but never found it.",
                "estack": "CypressError: Timed out retrying: Expected to find element: 'button#apaga-tudo', but never found it.\n    at cypressErr (http://localhost:42239/__cypress/runner/cypress_runner.js:149934:9)\n    at throwErr (http://localhost:42239/__cypress/runner/cypress_runner.js:149867:11)\n    at Object.throwErrByPath (http://localhost:42239/__cypress/runner/cypress_runner.js:149915:3)\n    at retry (http://localhost:42239/__cypress/runner/cypress_runner.js:144197:19)\n    at onFailFn (http://localhost:42239/__cypress/runner/cypress_runner.js:132448:16)\n    at tryCatcher (http://localhost:42239/__cypress/runner/cypress_runner.js:167415:23)\n    at Promise._settlePromiseFromHandler (http://localhost:42239/__cypress/runner/cypress_runner.js:165351:31)\n    at Promise._settlePromise (http://localhost:42239/__cypress/runner/cypress_runner.js:165408:18)\n    at Promise._settlePromise0 (http://localhost:42239/__cypress/runner/cypress_runner.js:165453:10)\n    at Promise._settlePromises (http://localhost:42239/__cypress/runner/cypress_runner.js:165528:18)\n    at Async../node_modules/bluebird/js/release/async.js.Async._drainQueue (http://localhost:42239/__cypress/runner/cypress_runner.js:162140:16)\n    at Async../node_modules/bluebird/js/release/async.js.Async._drainQueues (http://localhost:42239/__cypress/runner/cypress_runner.js:162150:10)\n    at Async.drainQueues (http://localhost:42239/__cypress/runner/cypress_runner.js:162024:14)",
                "diff": null
              },
              "uuid": "b8535b13-2c4e-4b50-8cbd-9254b1bd5838",
              "parentUUID": "8e395215-39c5-4c26-9791-38143cacb09e",
              "isHook": false,
              "skipped": false
            }
          ],
          "suites": [],
          "passes": [],
          "failures": [
            "cb7f5ff9-e30a-4e42-aadc-48680ef56ef9",
            "b8535b13-2c4e-4b50-8cbd-9254b1bd5838"
          ],
          "pending": [],
          "skipped": [],
          "duration": 9309,
          "root": false,
          "rootEmpty": false,
          "_timeout": 2000
        },
        {
          "uuid": "e44d3e03-bfb5-4de9-873e-f6f85bef2504",
          "title": "11 - Adicione um botão com id=\"remover-finalizados\" que quando clicado remove **somente** os elementos finalizados da sua lista",
          "fullFile": "",
          "file": "",
          "beforeHooks": [],
          "afterHooks": [],
          "tests": [
            {
              "title": "Será verificado que existe um elemento `button` com o id `remover-finalizados`",
              "fullTitle": "11 - Adicione um botão com id=\"remover-finalizados\" que quando clicado remove **somente** os elementos finalizados da sua lista Será verificado que existe um elemento `button` com o id `remover-finalizados`",
              "timedOut": null,
              "duration": 4451,
              "state": "failed",
              "speed": null,
              "pass": false,
              "fail": true,
              "pending": false,
              "context": null,
              "code": "cy.get(TODO_REMOVE_DONE_BUTTON_SELECTOR).should('exist');",
              "err": {
                "message": "CypressError: Timed out retrying: Expected to find element: 'button#remover-finalizados', but never found it.",
                "estack": "CypressError: Timed out retrying: Expected to find element: 'button#remover-finalizados', but never found it.\n    at cypressErr (http://localhost:42239/__cypress/runner/cypress_runner.js:149934:9)\n    at throwErr (http://localhost:42239/__cypress/runner/cypress_runner.js:149867:11)\n    at Object.throwErrByPath (http://localhost:42239/__cypress/runner/cypress_runner.js:149915:3)\n    at retry (http://localhost:42239/__cypress/runner/cypress_runner.js:144197:19)\n    at onFailFn (http://localhost:42239/__cypress/runner/cypress_runner.js:132448:16)\n    at tryCatcher (http://localhost:42239/__cypress/runner/cypress_runner.js:167415:23)\n    at Promise._settlePromiseFromHandler (http://localhost:42239/__cypress/runner/cypress_runner.js:165351:31)\n    at Promise._settlePromise (http://localhost:42239/__cypress/runner/cypress_runner.js:165408:18)\n    at Promise._settlePromise0 (http://localhost:42239/__cypress/runner/cypress_runner.js:165453:10)\n    at Promise._settlePromises (http://localhost:42239/__cypress/runner/cypress_runner.js:165528:18)\n    at Async../node_modules/bluebird/js/release/async.js.Async._drainQueue (http://localhost:42239/__cypress/runner/cypress_runner.js:162140:16)\n    at Async../node_modules/bluebird/js/release/async.js.Async._drainQueues (http://localhost:42239/__cypress/runner/cypress_runner.js:162150:10)\n    at Async.drainQueues (http://localhost:42239/__cypress/runner/cypress_runner.js:162024:14)",
                "diff": null
              },
              "uuid": "c10c891c-8570-4f07-97a7-4881cd1d2764",
              "parentUUID": "e44d3e03-bfb5-4de9-873e-f6f85bef2504",
              "isHook": false,
              "skipped": false
            },
            {
              "title": "Será verificado que, ao clicar no botão, todos os elementos marcados como feitos são removidos da lista",
              "fullTitle": "11 - Adicione um botão com id=\"remover-finalizados\" que quando clicado remove **somente** os elementos finalizados da sua lista Será verificado que, ao clicar no botão, todos os elementos marcados como feitos são removidos da lista",
              "timedOut": null,
              "duration": 6405,
              "state": "failed",
              "speed": null,
              "pass": false,
              "fail": true,
              "pending": false,
              "context": null,
              "code": "var todo1 = {\n  content: 'vou terminar essa tarefa logo'\n};\nvar todo2 = {\n  content: 'essa tarefa eu vou demorar para finalizar'\n};\nvar todo3 = {\n  content: 'essa tarefa tbm vai demorar...'\n};\nvar todos = [todo1, todo2, todo3];\naddTodos(todos);\ncy.get(\"\".concat(TODO_LIST_LINE_SELECTOR, \":nth-child(2)\")).dblclick();\ncy.get(\"\".concat(TODO_LIST_LINE_SELECTOR, \":nth-child(3)\")).dblclick();\ncy.get(TODO_REMOVE_DONE_BUTTON_SELECTOR).click();\ncheckTodoList([todo1]);",
              "err": {
                "message": "CypressError: Timed out retrying: Expected to find element: 'button#remover-finalizados', but never found it.",
                "estack": "CypressError: Timed out retrying: Expected to find element: 'button#remover-finalizados', but never found it.\n    at cypressErr (http://localhost:42239/__cypress/runner/cypress_runner.js:149934:9)\n    at throwErr (http://localhost:42239/__cypress/runner/cypress_runner.js:149867:11)\n    at Object.throwErrByPath (http://localhost:42239/__cypress/runner/cypress_runner.js:149915:3)\n    at retry (http://localhost:42239/__cypress/runner/cypress_runner.js:144197:19)\n    at onFailFn (http://localhost:42239/__cypress/runner/cypress_runner.js:132448:16)\n    at tryCatcher (http://localhost:42239/__cypress/runner/cypress_runner.js:167415:23)\n    at Promise._settlePromiseFromHandler (http://localhost:42239/__cypress/runner/cypress_runner.js:165351:31)\n    at Promise._settlePromise (http://localhost:42239/__cypress/runner/cypress_runner.js:165408:18)\n    at Promise._settlePromise0 (http://localhost:42239/__cypress/runner/cypress_runner.js:165453:10)\n    at Promise._settlePromises (http://localhost:42239/__cypress/runner/cypress_runner.js:165528:18)\n    at Async../node_modules/bluebird/js/release/async.js.Async._drainQueue (http://localhost:42239/__cypress/runner/cypress_runner.js:162140:16)\n    at Async../node_modules/bluebird/js/release/async.js.Async._drainQueues (http://localhost:42239/__cypress/runner/cypress_runner.js:162150:10)\n    at Async.drainQueues (http://localhost:42239/__cypress/runner/cypress_runner.js:162024:14)",
                "diff": null
              },
              "uuid": "be8c9bd6-0dfe-44c1-a30d-610e4a146b15",
              "parentUUID": "e44d3e03-bfb5-4de9-873e-f6f85bef2504",
              "isHook": false,
              "skipped": false
            }
          ],
          "suites": [],
          "passes": [],
          "failures": [
            "c10c891c-8570-4f07-97a7-4881cd1d2764",
            "be8c9bd6-0dfe-44c1-a30d-610e4a146b15"
          ],
          "pending": [],
          "skipped": [],
          "duration": 10856,
          "root": false,
          "rootEmpty": false,
          "_timeout": 2000
        },
        {
          "uuid": "22408010-dd37-462e-b865-5066e1d27694",
          "title": "12 - Adicione um botão com id=\"salvar-tarefas\" que salve o conteúdo da lista. Se você fechar e reabrir a página, a lista deve continuar no estado em que estava",
          "fullFile": "",
          "file": "",
          "beforeHooks": [],
          "afterHooks": [],
          "tests": [
            {
              "title": "Será verificado que existe um elemento `button` com o id `salvar-tarefas`",
              "fullTitle": "12 - Adicione um botão com id=\"salvar-tarefas\" que salve o conteúdo da lista. Se você fechar e reabrir a página, a lista deve continuar no estado em que estava Será verificado que existe um elemento `button` com o id `salvar-tarefas`",
              "timedOut": null,
              "duration": 4390,
              "state": "failed",
              "speed": null,
              "pass": false,
              "fail": true,
              "pending": false,
              "context": null,
              "code": "cy.get(TODO_SAVE_LIST_BUTTON_SELECTOR).should('exist');",
              "err": {
                "message": "CypressError: Timed out retrying: Expected to find element: 'button#salvar-tarefas', but never found it.",
                "estack": "CypressError: Timed out retrying: Expected to find element: 'button#salvar-tarefas', but never found it.\n    at cypressErr (http://localhost:42239/__cypress/runner/cypress_runner.js:149934:9)\n    at throwErr (http://localhost:42239/__cypress/runner/cypress_runner.js:149867:11)\n    at Object.throwErrByPath (http://localhost:42239/__cypress/runner/cypress_runner.js:149915:3)\n    at retry (http://localhost:42239/__cypress/runner/cypress_runner.js:144197:19)\n    at onFailFn (http://localhost:42239/__cypress/runner/cypress_runner.js:132448:16)\n    at tryCatcher (http://localhost:42239/__cypress/runner/cypress_runner.js:167415:23)\n    at Promise._settlePromiseFromHandler (http://localhost:42239/__cypress/runner/cypress_runner.js:165351:31)\n    at Promise._settlePromise (http://localhost:42239/__cypress/runner/cypress_runner.js:165408:18)\n    at Promise._settlePromise0 (http://localhost:42239/__cypress/runner/cypress_runner.js:165453:10)\n    at Promise._settlePromises (http://localhost:42239/__cypress/runner/cypress_runner.js:165528:18)\n    at Async../node_modules/bluebird/js/release/async.js.Async._drainQueue (http://localhost:42239/__cypress/runner/cypress_runner.js:162140:16)\n    at Async../node_modules/bluebird/js/release/async.js.Async._drainQueues (http://localhost:42239/__cypress/runner/cypress_runner.js:162150:10)\n    at Async.drainQueues (http://localhost:42239/__cypress/runner/cypress_runner.js:162024:14)",
                "diff": null
              },
              "uuid": "a25036b7-f4a9-40f9-8b83-d7bbe8157a66",
              "parentUUID": "22408010-dd37-462e-b865-5066e1d27694",
              "isHook": false,
              "skipped": false
            },
            {
              "title": "Será verificado que, quando a lista tem vários elementos, alguns dos quais marcados como finalizados, um recarregamento da página mantém a lista exatamente como está.",
              "fullTitle": "12 - Adicione um botão com id=\"salvar-tarefas\" que salve o conteúdo da lista. Se você fechar e reabrir a página, a lista deve continuar no estado em que estava Será verificado que, quando a lista tem vários elementos, alguns dos quais marcados como finalizados, um recarregamento da página mantém a lista exatamente como está.",
              "timedOut": null,
              "duration": 6001,
              "state": "failed",
              "speed": null,
              "pass": false,
              "fail": true,
              "pending": false,
              "context": null,
              "code": "var todo1 = {\n  content: 'primeira tarefa a ser salva'\n};\nvar todo2 = {\n  content: 'esta tarefa será salva também'\n};\nvar todo3 = {\n  content: 'mais uma para salvar'\n};\nvar todos = [todo1, todo2, todo3];\naddTodos(todos);\ncheckTodoList(todos);\ncy.get(TODO_LIST_LINE_SELECTOR).first().dblclick();\ncy.get(TODO_SAVE_LIST_BUTTON_SELECTOR).click();\ncy.reload();\nvar newTodosState = [(0, _objectSpread2[\"default\"])({}, todo1, {\n  done: true\n}), todo2, todo3];\ncheckTodoList(newTodosState);",
              "err": {
                "message": "CypressError: Timed out retrying: Expected to find element: 'button#salvar-tarefas', but never found it.",
                "estack": "CypressError: Timed out retrying: Expected to find element: 'button#salvar-tarefas', but never found it.\n    at cypressErr (http://localhost:42239/__cypress/runner/cypress_runner.js:149934:9)\n    at throwErr (http://localhost:42239/__cypress/runner/cypress_runner.js:149867:11)\n    at Object.throwErrByPath (http://localhost:42239/__cypress/runner/cypress_runner.js:149915:3)\n    at retry (http://localhost:42239/__cypress/runner/cypress_runner.js:144197:19)\n    at onFailFn (http://localhost:42239/__cypress/runner/cypress_runner.js:132448:16)\n    at tryCatcher (http://localhost:42239/__cypress/runner/cypress_runner.js:167415:23)\n    at Promise._settlePromiseFromHandler (http://localhost:42239/__cypress/runner/cypress_runner.js:165351:31)\n    at Promise._settlePromise (http://localhost:42239/__cypress/runner/cypress_runner.js:165408:18)\n    at Promise._settlePromise0 (http://localhost:42239/__cypress/runner/cypress_runner.js:165453:10)\n    at Promise._settlePromises (http://localhost:42239/__cypress/runner/cypress_runner.js:165528:18)\n    at Async../node_modules/bluebird/js/release/async.js.Async._drainQueue (http://localhost:42239/__cypress/runner/cypress_runner.js:162140:16)\n    at Async../node_modules/bluebird/js/release/async.js.Async._drainQueues (http://localhost:42239/__cypress/runner/cypress_runner.js:162150:10)\n    at Async.drainQueues (http://localhost:42239/__cypress/runner/cypress_runner.js:162024:14)",
                "diff": null
              },
              "uuid": "e82c4976-f557-4fd0-a948-ac21c0b8ba02",
              "parentUUID": "22408010-dd37-462e-b865-5066e1d27694",
              "isHook": false,
              "skipped": false
            }
          ],
          "suites": [],
          "passes": [],
          "failures": [
            "a25036b7-f4a9-40f9-8b83-d7bbe8157a66",
            "e82c4976-f557-4fd0-a948-ac21c0b8ba02"
          ],
          "pending": [],
          "skipped": [],
          "duration": 10391,
          "root": false,
          "rootEmpty": false,
          "_timeout": 2000
        },
        {
          "uuid": "bbcd14ba-2c27-4cf3-b098-4d207a97c3e5",
          "title": "13 - Adicione dois botões, um com id=\"mover-cima\" e outro com id=\"mover-baixo\", que permitam mover o item selecionado para cima ou para baixo na lista de tarefas",
          "fullFile": "",
          "file": "",
          "beforeHooks": [],
          "afterHooks": [],
          "tests": [
            {
              "title": "Será verificada a existência de dois elementos `button`, um com o id `mover-cima` e o outro com o id `mover-baixo`",
              "fullTitle": "13 - Adicione dois botões, um com id=\"mover-cima\" e outro com id=\"mover-baixo\", que permitam mover o item selecionado para cima ou para baixo na lista de tarefas Será verificada a existência de dois elementos `button`, um com o id `mover-cima` e o outro com o id `mover-baixo`",
              "timedOut": null,
              "duration": 4410,
              "state": "failed",
              "speed": null,
              "pass": false,
              "fail": true,
              "pending": false,
              "context": null,
              "code": "cy.get(TODO_MOVE_UP_BUTTON_SELECTOR).should('exist');\ncy.get(TODO_MOVE_DOWN_BUTTON_SELECTOR).should('exist');",
              "err": {
                "message": "CypressError: Timed out retrying: Expected to find element: 'button#mover-cima', but never found it.",
                "estack": "CypressError: Timed out retrying: Expected to find element: 'button#mover-cima', but never found it.\n    at cypressErr (http://localhost:42239/__cypress/runner/cypress_runner.js:149934:9)\n    at throwErr (http://localhost:42239/__cypress/runner/cypress_runner.js:149867:11)\n    at Object.throwErrByPath (http://localhost:42239/__cypress/runner/cypress_runner.js:149915:3)\n    at retry (http://localhost:42239/__cypress/runner/cypress_runner.js:144197:19)\n    at onFailFn (http://localhost:42239/__cypress/runner/cypress_runner.js:132448:16)\n    at tryCatcher (http://localhost:42239/__cypress/runner/cypress_runner.js:167415:23)\n    at Promise._settlePromiseFromHandler (http://localhost:42239/__cypress/runner/cypress_runner.js:165351:31)\n    at Promise._settlePromise (http://localhost:42239/__cypress/runner/cypress_runner.js:165408:18)\n    at Promise._settlePromise0 (http://localhost:42239/__cypress/runner/cypress_runner.js:165453:10)\n    at Promise._settlePromises (http://localhost:42239/__cypress/runner/cypress_runner.js:165528:18)\n    at Async../node_modules/bluebird/js/release/async.js.Async._drainQueue (http://localhost:42239/__cypress/runner/cypress_runner.js:162140:16)\n    at Async../node_modules/bluebird/js/release/async.js.Async._drainQueues (http://localhost:42239/__cypress/runner/cypress_runner.js:162150:10)\n    at Async.drainQueues (http://localhost:42239/__cypress/runner/cypress_runner.js:162024:14)",
                "diff": null
              },
              "uuid": "699667f0-24c6-41e6-9fd7-56ec1b04ec1e",
              "parentUUID": "bbcd14ba-2c27-4cf3-b098-4d207a97c3e5",
              "isHook": false,
              "skipped": false
            },
            {
              "title": "Será verificado que, dado que diversos elementos foram acrescentados à lista, movimentá-los de formas diversas os deixa nas posições esperadas",
              "fullTitle": "13 - Adicione dois botões, um com id=\"mover-cima\" e outro com id=\"mover-baixo\", que permitam mover o item selecionado para cima ou para baixo na lista de tarefas Será verificado que, dado que diversos elementos foram acrescentados à lista, movimentá-los de formas diversas os deixa nas posições esperadas",
              "timedOut": null,
              "duration": 6003,
              "state": "failed",
              "speed": null,
              "pass": false,
              "fail": true,
              "pending": false,
              "context": null,
              "code": "var todos = [{\n  content: 'primeira tarefa'\n}, {\n  content: 'segunda tarefa'\n}, {\n  content: 'terceira tarefa'\n}, {\n  content: 'quarta tarefa'\n}];\nvar newTodosState = [todos[3], todos[2], todos[1], todos[0]];\naddTodos(todos);\ncheckTodoList(todos);\ncy.get(\"\".concat(TODO_LIST_LINE_SELECTOR, \":nth-child(2)\")).click();\ncy.get(TODO_MOVE_UP_BUTTON_SELECTOR).click();\ncy.get(\"\".concat(TODO_LIST_LINE_SELECTOR, \":nth-child(4)\")).click();\ncy.get(TODO_MOVE_UP_BUTTON_SELECTOR).click();\ncy.get(\"\".concat(TODO_LIST_LINE_SELECTOR, \":nth-child(3)\")).click();\ncy.get(TODO_MOVE_UP_BUTTON_SELECTOR).click();\ncy.get(\"\".concat(TODO_LIST_LINE_SELECTOR, \":nth-child(1)\")).click();\ncy.get(TODO_MOVE_DOWN_BUTTON_SELECTOR).click();\ncy.get(\"\".concat(TODO_LIST_LINE_SELECTOR, \":nth-child(4)\")).click();\ncy.get(TODO_MOVE_UP_BUTTON_SELECTOR).click();\ncy.get(\"\".concat(TODO_LIST_LINE_SELECTOR, \":nth-child(3)\")).click();\ncy.get(TODO_MOVE_UP_BUTTON_SELECTOR).click();\ncheckTodoList(newTodosState);",
              "err": {
                "message": "CypressError: Timed out retrying: Expected to find element: 'button#mover-cima', but never found it.",
                "estack": "CypressError: Timed out retrying: Expected to find element: 'button#mover-cima', but never found it.\n    at cypressErr (http://localhost:42239/__cypress/runner/cypress_runner.js:149934:9)\n    at throwErr (http://localhost:42239/__cypress/runner/cypress_runner.js:149867:11)\n    at Object.throwErrByPath (http://localhost:42239/__cypress/runner/cypress_runner.js:149915:3)\n    at retry (http://localhost:42239/__cypress/runner/cypress_runner.js:144197:19)\n    at onFailFn (http://localhost:42239/__cypress/runner/cypress_runner.js:132448:16)\n    at tryCatcher (http://localhost:42239/__cypress/runner/cypress_runner.js:167415:23)\n    at Promise._settlePromiseFromHandler (http://localhost:42239/__cypress/runner/cypress_runner.js:165351:31)\n    at Promise._settlePromise (http://localhost:42239/__cypress/runner/cypress_runner.js:165408:18)\n    at Promise._settlePromise0 (http://localhost:42239/__cypress/runner/cypress_runner.js:165453:10)\n    at Promise._settlePromises (http://localhost:42239/__cypress/runner/cypress_runner.js:165528:18)\n    at Async../node_modules/bluebird/js/release/async.js.Async._drainQueue (http://localhost:42239/__cypress/runner/cypress_runner.js:162140:16)\n    at Async../node_modules/bluebird/js/release/async.js.Async._drainQueues (http://localhost:42239/__cypress/runner/cypress_runner.js:162150:10)\n    at Async.drainQueues (http://localhost:42239/__cypress/runner/cypress_runner.js:162024:14)",
                "diff": null
              },
              "uuid": "631ad91e-b93c-4ed5-a94b-21a95f192df1",
              "parentUUID": "bbcd14ba-2c27-4cf3-b098-4d207a97c3e5",
              "isHook": false,
              "skipped": false
            },
            {
              "title": "Será verificado que, caso algum elemento esteja finalizado, este status deve persistir ainda que se mova o elemento",
              "fullTitle": "13 - Adicione dois botões, um com id=\"mover-cima\" e outro com id=\"mover-baixo\", que permitam mover o item selecionado para cima ou para baixo na lista de tarefas Será verificado que, caso algum elemento esteja finalizado, este status deve persistir ainda que se mova o elemento",
              "timedOut": null,
              "duration": 5359,
              "state": "failed",
              "speed": null,
              "pass": false,
              "fail": true,
              "pending": false,
              "context": null,
              "code": "var todos = [{\n  content: 'primeira tarefa',\n  done: true\n}, {\n  content: 'segunda tarefa'\n}];\naddTodos(todos);\ncy.get(\"\".concat(TODO_LIST_LINE_SELECTOR, \":nth-child(1)\")).click().dblclick();\ncy.get(TODO_MOVE_DOWN_BUTTON_SELECTOR).click();\ncy.get(TODO_MOVE_UP_BUTTON_SELECTOR).click();\ncheckTodoList(todos);",
              "err": {
                "message": "CypressError: Timed out retrying: Expected to find element: 'button#mover-baixo', but never found it.",
                "estack": "CypressError: Timed out retrying: Expected to find element: 'button#mover-baixo', but never found it.\n    at cypressErr (http://localhost:42239/__cypress/runner/cypress_runner.js:149934:9)\n    at throwErr (http://localhost:42239/__cypress/runner/cypress_runner.js:149867:11)\n    at Object.throwErrByPath (http://localhost:42239/__cypress/runner/cypress_runner.js:149915:3)\n    at retry (http://localhost:42239/__cypress/runner/cypress_runner.js:144197:19)\n    at onFailFn (http://localhost:42239/__cypress/runner/cypress_runner.js:132448:16)\n    at tryCatcher (http://localhost:42239/__cypress/runner/cypress_runner.js:167415:23)\n    at Promise._settlePromiseFromHandler (http://localhost:42239/__cypress/runner/cypress_runner.js:165351:31)\n    at Promise._settlePromise (http://localhost:42239/__cypress/runner/cypress_runner.js:165408:18)\n    at Promise._settlePromise0 (http://localhost:42239/__cypress/runner/cypress_runner.js:165453:10)\n    at Promise._settlePromises (http://localhost:42239/__cypress/runner/cypress_runner.js:165528:18)\n    at Async../node_modules/bluebird/js/release/async.js.Async._drainQueue (http://localhost:42239/__cypress/runner/cypress_runner.js:162140:16)\n    at Async../node_modules/bluebird/js/release/async.js.Async._drainQueues (http://localhost:42239/__cypress/runner/cypress_runner.js:162150:10)\n    at Async.drainQueues (http://localhost:42239/__cypress/runner/cypress_runner.js:162024:14)",
                "diff": null
              },
              "uuid": "fd81f146-2149-4e4b-ad4f-8d67cd2fc6dd",
              "parentUUID": "bbcd14ba-2c27-4cf3-b098-4d207a97c3e5",
              "isHook": false,
              "skipped": false
            },
            {
              "title": "Será verificado que, caso nenhum elemento esteja selecionado, clicar nos botões não altera a lista",
              "fullTitle": "13 - Adicione dois botões, um com id=\"mover-cima\" e outro com id=\"mover-baixo\", que permitam mover o item selecionado para cima ou para baixo na lista de tarefas Será verificado que, caso nenhum elemento esteja selecionado, clicar nos botões não altera a lista",
              "timedOut": null,
              "duration": 6285,
              "state": "failed",
              "speed": null,
              "pass": false,
              "fail": true,
              "pending": false,
              "context": null,
              "code": "var todos = [{\n  content: 'primeira tarefa'\n}, {\n  content: 'segunda tarefa'\n}, {\n  content: 'terceira tarefa'\n}, {\n  content: 'quarta tarefa'\n}];\naddTodos(todos);\ncheckTodoList(todos);\ncy.get(TODO_MOVE_DOWN_BUTTON_SELECTOR).click();\ncy.get(TODO_MOVE_UP_BUTTON_SELECTOR).click();\ncy.get(TODO_MOVE_UP_BUTTON_SELECTOR).click();\ncheckTodoList(todos);",
              "err": {
                "message": "CypressError: Timed out retrying: Expected to find element: 'button#mover-baixo', but never found it.",
                "estack": "CypressError: Timed out retrying: Expected to find element: 'button#mover-baixo', but never found it.\n    at cypressErr (http://localhost:42239/__cypress/runner/cypress_runner.js:149934:9)\n    at throwErr (http://localhost:42239/__cypress/runner/cypress_runner.js:149867:11)\n    at Object.throwErrByPath (http://localhost:42239/__cypress/runner/cypress_runner.js:149915:3)\n    at retry (http://localhost:42239/__cypress/runner/cypress_runner.js:144197:19)\n    at onFailFn (http://localhost:42239/__cypress/runner/cypress_runner.js:132448:16)\n    at tryCatcher (http://localhost:42239/__cypress/runner/cypress_runner.js:167415:23)\n    at Promise._settlePromiseFromHandler (http://localhost:42239/__cypress/runner/cypress_runner.js:165351:31)\n    at Promise._settlePromise (http://localhost:42239/__cypress/runner/cypress_runner.js:165408:18)\n    at Promise._settlePromise0 (http://localhost:42239/__cypress/runner/cypress_runner.js:165453:10)\n    at Promise._settlePromises (http://localhost:42239/__cypress/runner/cypress_runner.js:165528:18)\n    at Async../node_modules/bluebird/js/release/async.js.Async._drainQueue (http://localhost:42239/__cypress/runner/cypress_runner.js:162140:16)\n    at Async../node_modules/bluebird/js/release/async.js.Async._drainQueues (http://localhost:42239/__cypress/runner/cypress_runner.js:162150:10)\n    at Async.drainQueues (http://localhost:42239/__cypress/runner/cypress_runner.js:162024:14)",
                "diff": null
              },
              "uuid": "0be464a8-9d68-4d4e-94be-72fa74b07c59",
              "parentUUID": "bbcd14ba-2c27-4cf3-b098-4d207a97c3e5",
              "isHook": false,
              "skipped": false
            },
            {
              "title": "Será verificado que um elemento que esteja selecionado deve se manter selecionado mesmo depois de movido",
              "fullTitle": "13 - Adicione dois botões, um com id=\"mover-cima\" e outro com id=\"mover-baixo\", que permitam mover o item selecionado para cima ou para baixo na lista de tarefas Será verificado que um elemento que esteja selecionado deve se manter selecionado mesmo depois de movido",
              "timedOut": null,
              "duration": 5365,
              "state": "failed",
              "speed": null,
              "pass": false,
              "fail": true,
              "pending": false,
              "context": null,
              "code": "var todos = [{\n  content: 'primeira tarefa'\n}, {\n  content: 'segunda tarefa'\n}];\naddTodos(todos);\ncy.get(\"\".concat(TODO_LIST_LINE_SELECTOR, \":nth-child(1)\")).click();\ncy.get(TODO_MOVE_DOWN_BUTTON_SELECTOR).click();\nvar newTodos = [{\n  content: 'segunda tarefa'\n}, {\n  content: 'primeira tarefa'\n}];\ncheckTodoList(newTodos);\ncy.get(TODO_MOVE_UP_BUTTON_SELECTOR).click();\ncheckTodoList(todos);",
              "err": {
                "message": "CypressError: Timed out retrying: Expected to find element: 'button#mover-baixo', but never found it.",
                "estack": "CypressError: Timed out retrying: Expected to find element: 'button#mover-baixo', but never found it.\n    at cypressErr (http://localhost:42239/__cypress/runner/cypress_runner.js:149934:9)\n    at throwErr (http://localhost:42239/__cypress/runner/cypress_runner.js:149867:11)\n    at Object.throwErrByPath (http://localhost:42239/__cypress/runner/cypress_runner.js:149915:3)\n    at retry (http://localhost:42239/__cypress/runner/cypress_runner.js:144197:19)\n    at onFailFn (http://localhost:42239/__cypress/runner/cypress_runner.js:132448:16)\n    at tryCatcher (http://localhost:42239/__cypress/runner/cypress_runner.js:167415:23)\n    at Promise._settlePromiseFromHandler (http://localhost:42239/__cypress/runner/cypress_runner.js:165351:31)\n    at Promise._settlePromise (http://localhost:42239/__cypress/runner/cypress_runner.js:165408:18)\n    at Promise._settlePromise0 (http://localhost:42239/__cypress/runner/cypress_runner.js:165453:10)\n    at Promise._settlePromises (http://localhost:42239/__cypress/runner/cypress_runner.js:165528:18)\n    at Async../node_modules/bluebird/js/release/async.js.Async._drainQueue (http://localhost:42239/__cypress/runner/cypress_runner.js:162140:16)\n    at Async../node_modules/bluebird/js/release/async.js.Async._drainQueues (http://localhost:42239/__cypress/runner/cypress_runner.js:162150:10)\n    at Async.drainQueues (http://localhost:42239/__cypress/runner/cypress_runner.js:162024:14)",
                "diff": null
              },
              "uuid": "f40f19b9-53de-44ed-b899-3356d9aa0669",
              "parentUUID": "bbcd14ba-2c27-4cf3-b098-4d207a97c3e5",
              "isHook": false,
              "skipped": false
            },
            {
              "title": "_Caso especial!_ Será verificado que, caso se tente subir o elemento no topo da lista ou, caso se tente descer o último elemento da lista, esta não deve ser alterada",
              "fullTitle": "13 - Adicione dois botões, um com id=\"mover-cima\" e outro com id=\"mover-baixo\", que permitam mover o item selecionado para cima ou para baixo na lista de tarefas _Caso especial!_ Será verificado que, caso se tente subir o elemento no topo da lista ou, caso se tente descer o último elemento da lista, esta não deve ser alterada",
              "timedOut": null,
              "duration": 5482,
              "state": "failed",
              "speed": null,
              "pass": false,
              "fail": true,
              "pending": false,
              "context": null,
              "code": "var todos = [{\n  content: 'primeira tarefa'\n}, {\n  content: 'segunda tarefa'\n}];\naddTodos(todos);\ncy.get(\"\".concat(TODO_LIST_LINE_SELECTOR, \":nth-child(1)\")).click();\ncy.get(TODO_MOVE_UP_BUTTON_SELECTOR).click();\ncheckTodoList(todos);\ncy.get(\"\".concat(TODO_LIST_LINE_SELECTOR, \":nth-child(2)\")).click();\ncy.get(TODO_MOVE_DOWN_BUTTON_SELECTOR).click();\ncheckTodoList(todos);",
              "err": {
                "message": "CypressError: Timed out retrying: Expected to find element: 'button#mover-cima', but never found it.",
                "estack": "CypressError: Timed out retrying: Expected to find element: 'button#mover-cima', but never found it.\n    at cypressErr (http://localhost:42239/__cypress/runner/cypress_runner.js:149934:9)\n    at throwErr (http://localhost:42239/__cypress/runner/cypress_runner.js:149867:11)\n    at Object.throwErrByPath (http://localhost:42239/__cypress/runner/cypress_runner.js:149915:3)\n    at retry (http://localhost:42239/__cypress/runner/cypress_runner.js:144197:19)\n    at onFailFn (http://localhost:42239/__cypress/runner/cypress_runner.js:132448:16)\n    at tryCatcher (http://localhost:42239/__cypress/runner/cypress_runner.js:167415:23)\n    at Promise._settlePromiseFromHandler (http://localhost:42239/__cypress/runner/cypress_runner.js:165351:31)\n    at Promise._settlePromise (http://localhost:42239/__cypress/runner/cypress_runner.js:165408:18)\n    at Promise._settlePromise0 (http://localhost:42239/__cypress/runner/cypress_runner.js:165453:10)\n    at Promise._settlePromises (http://localhost:42239/__cypress/runner/cypress_runner.js:165528:18)\n    at Async../node_modules/bluebird/js/release/async.js.Async._drainQueue (http://localhost:42239/__cypress/runner/cypress_runner.js:162140:16)\n    at Async../node_modules/bluebird/js/release/async.js.Async._drainQueues (http://localhost:42239/__cypress/runner/cypress_runner.js:162150:10)\n    at Async.drainQueues (http://localhost:42239/__cypress/runner/cypress_runner.js:162024:14)",
                "diff": null
              },
              "uuid": "518f973d-cb1d-4a01-b20e-62eced9cfeac",
              "parentUUID": "bbcd14ba-2c27-4cf3-b098-4d207a97c3e5",
              "isHook": false,
              "skipped": false
            }
          ],
          "suites": [],
          "passes": [],
          "failures": [
            "699667f0-24c6-41e6-9fd7-56ec1b04ec1e",
            "631ad91e-b93c-4ed5-a94b-21a95f192df1",
            "fd81f146-2149-4e4b-ad4f-8d67cd2fc6dd",
            "0be464a8-9d68-4d4e-94be-72fa74b07c59",
            "f40f19b9-53de-44ed-b899-3356d9aa0669",
            "518f973d-cb1d-4a01-b20e-62eced9cfeac"
          ],
          "pending": [],
          "skipped": [],
          "duration": 32904,
          "root": false,
          "rootEmpty": false,
          "_timeout": 2000
        },
        {
          "uuid": "f2889ec6-9215-4687-8c07-7a4bef30418c",
          "title": "14 - Adicione um botão com id=\"remover-selecionado\" que, quando clicado, remove o item selecionado",
          "fullFile": "",
          "file": "",
          "beforeHooks": [],
          "afterHooks": [],
          "tests": [
            {
              "title": "Será verificada a presença de um elemento `button` com um id `remover-selecionado`",
              "fullTitle": "14 - Adicione um botão com id=\"remover-selecionado\" que, quando clicado, remove o item selecionado Será verificada a presença de um elemento `button` com um id `remover-selecionado`",
              "timedOut": null,
              "duration": 4589,
              "state": "failed",
              "speed": null,
              "pass": false,
              "fail": true,
              "pending": false,
              "context": null,
              "code": "cy.get(TODO_REMOVE_SELECTED_BUTTON_SELECTOR).should('exist');",
              "err": {
                "message": "CypressError: Timed out retrying: Expected to find element: 'button#remover-selecionado', but never found it.",
                "estack": "CypressError: Timed out retrying: Expected to find element: 'button#remover-selecionado', but never found it.\n    at cypressErr (http://localhost:42239/__cypress/runner/cypress_runner.js:149934:9)\n    at throwErr (http://localhost:42239/__cypress/runner/cypress_runner.js:149867:11)\n    at Object.throwErrByPath (http://localhost:42239/__cypress/runner/cypress_runner.js:149915:3)\n    at retry (http://localhost:42239/__cypress/runner/cypress_runner.js:144197:19)\n    at onFailFn (http://localhost:42239/__cypress/runner/cypress_runner.js:132448:16)\n    at tryCatcher (http://localhost:42239/__cypress/runner/cypress_runner.js:167415:23)\n    at Promise._settlePromiseFromHandler (http://localhost:42239/__cypress/runner/cypress_runner.js:165351:31)\n    at Promise._settlePromise (http://localhost:42239/__cypress/runner/cypress_runner.js:165408:18)\n    at Promise._settlePromise0 (http://localhost:42239/__cypress/runner/cypress_runner.js:165453:10)\n    at Promise._settlePromises (http://localhost:42239/__cypress/runner/cypress_runner.js:165528:18)\n    at Async../node_modules/bluebird/js/release/async.js.Async._drainQueue (http://localhost:42239/__cypress/runner/cypress_runner.js:162140:16)\n    at Async../node_modules/bluebird/js/release/async.js.Async._drainQueues (http://localhost:42239/__cypress/runner/cypress_runner.js:162150:10)\n    at Async.drainQueues (http://localhost:42239/__cypress/runner/cypress_runner.js:162024:14)",
                "diff": null
              },
              "uuid": "3a0f3481-72c2-45be-83bf-274e9b7544e7",
              "parentUUID": "f2889ec6-9215-4687-8c07-7a4bef30418c",
              "isHook": false,
              "skipped": false
            },
            {
              "title": "Será verificado que, no clicar no botão, somente o elemento selecionado é removido",
              "fullTitle": "14 - Adicione um botão com id=\"remover-selecionado\" que, quando clicado, remove o item selecionado Será verificado que, no clicar no botão, somente o elemento selecionado é removido",
              "timedOut": null,
              "duration": 5732,
              "state": "failed",
              "speed": null,
              "pass": false,
              "fail": true,
              "pending": false,
              "context": null,
              "code": "var todo1 = {\n  content: 'não posso remover essa tarefa'\n};\nvar todo2 = {\n  content: 'essa tarefa aqui eu posso remover'\n};\nvar todos = [todo1, todo2];\naddTodos(todos);\ncheckTodoList(todos);\ncy.get(TODO_LIST_LINE_SELECTOR).last().click();\ncy.get(TODO_REMOVE_SELECTED_BUTTON_SELECTOR).click();\ncheckTodoList([todo1]);",
              "err": {
                "message": "CypressError: Timed out retrying: Expected to find element: 'button#remover-selecionado', but never found it.",
                "estack": "CypressError: Timed out retrying: Expected to find element: 'button#remover-selecionado', but never found it.\n    at cypressErr (http://localhost:42239/__cypress/runner/cypress_runner.js:149934:9)\n    at throwErr (http://localhost:42239/__cypress/runner/cypress_runner.js:149867:11)\n    at Object.throwErrByPath (http://localhost:42239/__cypress/runner/cypress_runner.js:149915:3)\n    at retry (http://localhost:42239/__cypress/runner/cypress_runner.js:144197:19)\n    at onFailFn (http://localhost:42239/__cypress/runner/cypress_runner.js:132448:16)\n    at tryCatcher (http://localhost:42239/__cypress/runner/cypress_runner.js:167415:23)\n    at Promise._settlePromiseFromHandler (http://localhost:42239/__cypress/runner/cypress_runner.js:165351:31)\n    at Promise._settlePromise (http://localhost:42239/__cypress/runner/cypress_runner.js:165408:18)\n    at Promise._settlePromise0 (http://localhost:42239/__cypress/runner/cypress_runner.js:165453:10)\n    at Promise._settlePromises (http://localhost:42239/__cypress/runner/cypress_runner.js:165528:18)\n    at Async../node_modules/bluebird/js/release/async.js.Async._drainQueue (http://localhost:42239/__cypress/runner/cypress_runner.js:162140:16)\n    at Async../node_modules/bluebird/js/release/async.js.Async._drainQueues (http://localhost:42239/__cypress/runner/cypress_runner.js:162150:10)\n    at Async.drainQueues (http://localhost:42239/__cypress/runner/cypress_runner.js:162024:14)",
                "diff": null
              },
              "uuid": "361e0dd1-5a3a-4411-9c0d-7dfed8a43169",
              "parentUUID": "f2889ec6-9215-4687-8c07-7a4bef30418c",
              "isHook": false,
              "skipped": false
            }
          ],
          "suites": [],
          "passes": [],
          "failures": [
            "3a0f3481-72c2-45be-83bf-274e9b7544e7",
            "361e0dd1-5a3a-4411-9c0d-7dfed8a43169"
          ],
          "pending": [],
          "skipped": [],
          "duration": 10321,
          "root": false,
          "rootEmpty": false,
          "_timeout": 2000
        }
      ],
      "passes": [],
      "failures": [],
      "pending": [],
      "skipped": [],
      "duration": 0,
      "root": true,
      "rootEmpty": true,
      "_timeout": 2000
    }
  ],
  "meta": {
    "mocha": {
      "version": "7.0.1"
    },
    "mochawesome": {
      "options": {
        "quiet": false,
        "reportFilename": "mochawesome",
        "saveHtml": false,
        "saveJson": true,
        "consoleReporter": "spec",
        "useInlineDiffs": false
      },
      "version": "4.1.0"
    },
    "marge": {
      "options": {
        "id": "default",
        "reportDir": "cypress/reports",
        "overwrite": true,
        "html": false,
        "json": true
      },
      "version": "4.1.0"
    }
  }
}